[16:25:30] [Client thread/INFO]: Setting user: Player78
[16:25:30] [Client thread/INFO]: (Session ID is token:0:Player78)
[16:25:33] [Client thread/INFO]: [OptiFine] *** Reflector Forge ***
[16:25:33] [Client thread/INFO]: [OptiFine] (Reflector) Class not present: mods.betterfoliage.client.BetterFoliageClient
[16:25:33] [Client thread/INFO]: [OptiFine] (Reflector) Class not present: net.minecraftforge.fml.common.asm.transformers.BlamingTransformer
[16:25:33] [Client thread/INFO]: [OptiFine] (Reflector) Class not present: net.minecraftforge.event.world.ChunkWatchEvent$UnWatch
[16:25:33] [Client thread/INFO]: [OptiFine] (Reflector) Class not present: net.minecraftforge.fml.relauncher.CoreModManager
[16:25:33] [Client thread/INFO]: [OptiFine] (Reflector) Class not present: net.minecraftforge.common.DimensionManager
[16:25:33] [Client thread/INFO]: [OptiFine] (Reflector) Class not present: net.minecraftforge.client.event.GuiScreenEvent$DrawScreenEvent$Pre
[16:25:33] [Client thread/INFO]: [OptiFine] (Reflector) Class not present: net.minecraftforge.client.event.GuiScreenEvent$DrawScreenEvent$Post
[16:25:33] [Client thread/INFO]: [OptiFine] (Reflector) Class not present: net.minecraftforge.client.event.EntityViewRenderEvent$CameraSetup
[16:25:33] [Client thread/INFO]: [OptiFine] (Reflector) Class not present: net.minecraftforge.client.event.EntityViewRenderEvent$FogColors
[16:25:33] [Client thread/INFO]: [OptiFine] (Reflector) Class not present: net.minecraftforge.fml.common.eventhandler.Event
[16:25:33] [Client thread/INFO]: [OptiFine] (Reflector) Class not present: net.minecraftforge.fml.common.eventhandler.EventBus
[16:25:33] [Client thread/INFO]: [OptiFine] (Reflector) Class not present: net.minecraftforge.fml.common.eventhandler.Event$Result
[16:25:33] [Client thread/INFO]: [OptiFine] (Reflector) Class not present: net.minecraftforge.common.property.ExtendedBlockState
[16:25:33] [Client thread/INFO]: [OptiFine] (Reflector) Class not present: net.minecraftforge.fml.client.FMLClientHandler
[16:25:33] [Client thread/INFO]: [OptiFine] (Reflector) Class not present: net.minecraftforge.fml.common.FMLCommonHandler
[16:25:33] [Client thread/INFO]: [OptiFine] (Reflector) Method not present: net.minecraft.world.biome.BiomeGenBase.getWaterColorMultiplier
[16:25:33] [Client thread/INFO]: [OptiFine] (Reflector) Method not present: net.minecraft.block.Block.addDestroyEffects
[16:25:33] [Client thread/INFO]: [OptiFine] (Reflector) Method not present: net.minecraft.block.Block.addHitEffects
[16:25:33] [Client thread/INFO]: [OptiFine] (Reflector) Method not present: net.minecraft.block.Block.canCreatureSpawn
[16:25:33] [Client thread/INFO]: [OptiFine] (Reflector) Method not present: net.minecraft.block.Block.canRenderInLayer
[16:25:33] [Client thread/INFO]: [OptiFine] (Reflector) Method not present: net.minecraft.block.Block.doesSideBlockRendering
[16:25:33] [Client thread/INFO]: [OptiFine] (Reflector) Method not present: net.minecraft.block.Block.getBedDirection
[16:25:33] [Client thread/INFO]: [OptiFine] (Reflector) Method not present: net.minecraft.block.Block.getExtendedState
[16:25:33] [Client thread/INFO]: [OptiFine] (Reflector) Method not present: net.minecraft.block.Block.getLightOpacity
[16:25:33] [Client thread/INFO]: [OptiFine] (Reflector) Method not present: net.minecraft.block.Block.getLightValue
[16:25:33] [Client thread/INFO]: [OptiFine] (Reflector) Method not present: net.minecraft.block.Block.hasTileEntity
[16:25:33] [Client thread/INFO]: [OptiFine] (Reflector) Method not present: net.minecraft.block.Block.isAir
[16:25:33] [Client thread/INFO]: [OptiFine] (Reflector) Method not present: net.minecraft.block.Block.isBed
[16:25:33] [Client thread/INFO]: [OptiFine] (Reflector) Method not present: net.minecraft.block.Block.isBedFoot
[16:25:33] [Client thread/INFO]: [OptiFine] (Reflector) Method not present: net.minecraft.block.Block.isSideSolid
[16:25:33] [Client thread/INFO]: [OptiFine] (Reflector) Method not present: net.minecraft.world.ChunkCache.isSideSolid
[16:25:33] [Client thread/INFO]: [OptiFine] (Reflector) Method not present: net.minecraft.entity.Entity.canRiderInteract
[16:25:33] [Client thread/INFO]: [OptiFine] (Reflector) Field not present: net.minecraft.entity.Entity.captureDrops
[16:25:33] [Client thread/INFO]: [OptiFine] (Reflector) Field not present: net.minecraft.entity.Entity.capturedDrops
[16:25:33] [Client thread/INFO]: [OptiFine] (Reflector) Method not present: net.minecraft.entity.Entity.shouldRenderInPass
[16:25:33] [Client thread/INFO]: [OptiFine] (Reflector) Method not present: net.minecraft.entity.Entity.shouldRiderSit
[16:25:33] [Client thread/INFO]: [OptiFine] (Reflector) Class not present: net.minecraftforge.event.ForgeEventFactory
[16:25:33] [Client thread/INFO]: [OptiFine] (Reflector) Class not present: net.minecraftforge.common.ForgeHooks
[16:25:33] [Client thread/INFO]: [OptiFine] (Reflector) Class not present: net.minecraftforge.client.ForgeHooksClient
[16:25:33] [Client thread/INFO]: [OptiFine] (Reflector) Field not present: net.minecraft.item.Item.delegate
[16:25:33] [Client thread/INFO]: [OptiFine] (Reflector) Method not present: net.minecraft.item.Item.getDurabilityForDisplay
[16:25:33] [Client thread/INFO]: [OptiFine] (Reflector) Method not present: net.minecraft.item.Item.getModel
[16:25:33] [Client thread/INFO]: [OptiFine] (Reflector) Method not present: net.minecraft.item.Item.onEntitySwing
[16:25:33] [Client thread/INFO]: [OptiFine] (Reflector) Method not present: net.minecraft.item.Item.shouldCauseReequipAnimation
[16:25:33] [Client thread/INFO]: [OptiFine] (Reflector) Method not present: net.minecraft.item.Item.showDurabilityBar
[16:25:33] [Client thread/INFO]: [OptiFine] (Reflector) Class not present: net.minecraftforge.common.ForgeModContainer
[16:25:33] [Client thread/INFO]: [OptiFine] (Reflector) Method not present: net.minecraft.potion.PotionEffect.isCurativeItem
[16:25:33] [Client thread/INFO]: [OptiFine] (Reflector) Method not present: net.minecraft.tileentity.TileEntity.canRenderBreaking
[16:25:33] [Client thread/INFO]: [OptiFine] (Reflector) Method not present: net.minecraft.tileentity.TileEntity.getRenderBoundingBox
[16:25:33] [Client thread/INFO]: [OptiFine] (Reflector) Method not present: net.minecraft.tileentity.TileEntity.hasFastRenderer
[16:25:33] [Client thread/INFO]: [OptiFine] (Reflector) Method not present: net.minecraft.tileentity.TileEntity.shouldRenderInPass
[16:25:33] [Client thread/INFO]: [OptiFine] (Reflector) Method not present: net.minecraft.client.renderer.vertex.VertexFormatElement$EnumUsage.preDraw
[16:25:33] [Client thread/INFO]: [OptiFine] (Reflector) Method not present: net.minecraft.client.renderer.vertex.VertexFormatElement$EnumUsage.postDraw
[16:25:33] [Client thread/INFO]: [OptiFine] (Reflector) Method not present: net.minecraft.world.World.countEntities
[16:25:33] [Client thread/INFO]: [OptiFine] (Reflector) Method not present: net.minecraft.world.World.getPerWorldStorage
[16:25:33] [Client thread/INFO]: [OptiFine] (Reflector) Method not present: net.minecraft.world.WorldProvider.getCloudRenderer
[16:25:33] [Client thread/INFO]: [OptiFine] (Reflector) Method not present: net.minecraft.world.WorldProvider.getSkyRenderer
[16:25:33] [Client thread/INFO]: [OptiFine] (Reflector) Method not present: net.minecraft.world.WorldProvider.getWeatherRenderer
[16:25:33] [Client thread/INFO]: [OptiFine] (Reflector) Method not present: net.minecraft.world.WorldProvider.getSaveFolder
[16:25:33] [Client thread/INFO]: [OptiFine] (Reflector) Class not present: net.minecraftforge.fml.client.GuiModList
[16:25:33] [Client thread/INFO]: [OptiFine] (Reflector) Class not present: net.minecraftforge.client.model.IColoredBakedQuad
[16:25:33] [Client thread/INFO]: [OptiFine] (Reflector) Class not present: net.minecraftforge.common.property.IExtendedBlockState
[16:25:33] [Client thread/INFO]: [OptiFine] (Reflector) Class not present: net.minecraftforge.client.model.IModel
[16:25:33] [Client thread/INFO]: [OptiFine] (Reflector) Class not present: net.minecraftforge.client.IRenderHandler
[16:25:33] [Client thread/INFO]: [OptiFine] (Reflector) Class not present: net.minecraftforge.client.ItemModelMesherForge
[16:25:33] [Client thread/INFO]: [OptiFine] (Reflector) Class not present: net.minecraft.launchwrapper.Launch
[16:25:33] [Client thread/INFO]: [OptiFine] (Reflector) Class not present: net.minecraftforge.client.model.pipeline.LightUtil
[16:25:33] [Client thread/INFO]: [OptiFine] (Reflector) Class not present: net.minecraftforge.fml.common.Loader
[16:25:33] [Client thread/INFO]: [OptiFine] (Reflector) Class not present: net.minecraftforge.common.MinecraftForge
[16:25:33] [Client thread/INFO]: [OptiFine] (Reflector) Class not present: net.minecraftforge.client.MinecraftForgeClient
[16:25:33] [Client thread/INFO]: [OptiFine] (Reflector) Class not present: net.minecraftforge.fml.common.ModContainer
[16:25:33] [Client thread/INFO]: [OptiFine] (Reflector) Class not present: net.minecraftforge.client.model.ModelLoader
[16:25:33] [Client thread/INFO]: [OptiFine] (Reflector) Class not present: net.minecraftforge.client.event.RenderBlockOverlayEvent$OverlayType
[16:25:33] [Client thread/INFO]: [OptiFine] (Reflector) Class not present: net.minecraftforge.fml.client.registry.RenderingRegistry
[16:25:33] [Client thread/INFO]: [OptiFine] (Reflector) Class not present: net.minecraftforge.client.event.RenderItemInFrameEvent
[16:25:33] [Client thread/INFO]: [OptiFine] (Reflector) Class not present: net.minecraftforge.client.event.RenderLivingEvent$Pre
[16:25:33] [Client thread/INFO]: [OptiFine] (Reflector) Class not present: net.minecraftforge.client.event.RenderLivingEvent$Post
[16:25:33] [Client thread/INFO]: [OptiFine] (Reflector) Class not present: net.minecraftforge.client.event.RenderLivingEvent$Specials$Pre
[16:25:33] [Client thread/INFO]: [OptiFine] (Reflector) Class not present: net.minecraftforge.client.event.RenderLivingEvent$Specials$Post
[16:25:33] [Client thread/INFO]: [OptiFine] (Reflector) Class not present: net.minecraftforge.fml.client.SplashProgress
[16:25:33] [Client thread/INFO]: [OptiFine] (Reflector) Class not present: net.minecraftforge.event.world.WorldEvent$Load
[16:25:33] [Client thread/INFO]: [OptiFine] *** Reflector Vanilla ***
[16:25:33] [Client thread/INFO]: [OptiFine] (Reflector) Class not present: optifine.OptiFineClassTransformer
[16:25:33] [Client thread/INFO]: LWJGL Version: 2.9.4
[16:25:33] [Client thread/INFO]: [OptiFine] 
[16:25:33] [Client thread/INFO]: [OptiFine] OptiFine_1.8.9_HD_U_L5
[16:25:33] [Client thread/INFO]: [OptiFine] Build: null
[16:25:33] [Client thread/INFO]: [OptiFine] OS: Windows 10 (amd64) version 10.0
[16:25:33] [Client thread/INFO]: [OptiFine] Java: 1.8.0_292, Amazon.com Inc.
[16:25:33] [Client thread/INFO]: [OptiFine] VM: OpenJDK 64-Bit Server VM (mixed mode), Amazon.com Inc.
[16:25:33] [Client thread/INFO]: [OptiFine] LWJGL: 2.9.4
[16:25:33] [Client thread/INFO]: [OptiFine] OpenGL: NVIDIA GeForce GTX 1050 Ti/PCIe/SSE2, version 4.6.0 NVIDIA 465.89, NVIDIA Corporation
[16:25:33] [Client thread/INFO]: [OptiFine] OpenGL Version: 4.6.0
[16:25:33] [Client thread/INFO]: [OptiFine] Maximum texture size: 32768x32768
[16:25:33] [Client thread/INFO]: [OptiFine] FSAA Samples: 16
[16:25:33] [VersionCheck/INFO]: [OptiFine] Checking for new version
[16:25:34] [Client thread/INFO]: [Shaders] OpenGL Version: 4.6.0 NVIDIA 465.89
[16:25:34] [Client thread/INFO]: [Shaders] Vendor:  NVIDIA Corporation
[16:25:34] [Client thread/INFO]: [Shaders] Renderer: NVIDIA GeForce GTX 1050 Ti/PCIe/SSE2
[16:25:34] [Client thread/INFO]: [Shaders] Capabilities:  2.0  2.1  3.0  3.2  4.0 
[16:25:34] [Client thread/INFO]: [Shaders] GL_MAX_DRAW_BUFFERS: 8
[16:25:34] [Client thread/INFO]: [Shaders] GL_MAX_COLOR_ATTACHMENTS_EXT: 8
[16:25:34] [Client thread/INFO]: [Shaders] GL_MAX_TEXTURE_IMAGE_UNITS: 32
[16:25:34] [Client thread/INFO]: [Shaders] Load shaders configuration.
[16:25:34] [Client thread/INFO]: [Shaders] Save shaders configuration.
[16:25:34] [Client thread/INFO]: [Shaders] Shaders can not be loaded, Antialiasing is enabled: 16x
[16:25:34] [Client thread/INFO]: [Shaders] No shaderpack loaded.
[16:25:34] [Client thread/INFO]: Reloading ResourceManager: Default
[16:25:34] [Client thread/INFO]: [OptiFine] *** Reloading textures ***
[16:25:34] [Client thread/INFO]: [OptiFine] Resource packs: Default
[16:25:34] [VersionCheck/INFO]: [OptiFine] Version found: M5
[16:25:34] [Client thread/INFO]: [OptiFine] (Reflector) Class not present: net.minecraftforge.client.model.Attributes
[16:25:34] [Sound Library Loader/INFO]: Starting up SoundSystem...
[16:25:34] [Thread-6/INFO]: Initializing LWJGL OpenAL
[16:25:34] [Thread-6/INFO]: (The LWJGL binding of OpenAL.  For more information, see http://www.lwjgl.org)
[16:25:35] [Thread-6/INFO]: OpenAL initialized.
[16:25:35] [Sound Library Loader/INFO]: Sound engine started
[16:25:35] [Client thread/INFO]: [OptiFine] Mipmap levels: 4
[16:25:36] [Client thread/INFO]: [OptiFine] Multitexture: true
[16:25:36] [Client thread/INFO]: [OptiFine] ConnectedTextures: mcpatcher/ctm/default/0_glass_white/glass_pane_white.properties
[16:25:36] [Client thread/INFO]: [OptiFine] ConnectedTextures: mcpatcher/ctm/default/0_glass_white/glass_white.properties
[16:25:36] [Client thread/INFO]: [OptiFine] ConnectedTextures: mcpatcher/ctm/default/10_glass_purple/glass_pane_purple.properties
[16:25:36] [Client thread/INFO]: [OptiFine] ConnectedTextures: mcpatcher/ctm/default/10_glass_purple/glass_purple.properties
[16:25:36] [Client thread/INFO]: [OptiFine] ConnectedTextures: mcpatcher/ctm/default/11_glass_blue/glass_blue.properties
[16:25:36] [Client thread/INFO]: [OptiFine] ConnectedTextures: mcpatcher/ctm/default/11_glass_blue/glass_pane_blue.properties
[16:25:36] [Client thread/INFO]: [OptiFine] ConnectedTextures: mcpatcher/ctm/default/12_glass_brown/glass_brown.properties
[16:25:36] [Client thread/INFO]: [OptiFine] ConnectedTextures: mcpatcher/ctm/default/12_glass_brown/glass_pane_brown.properties
[16:25:36] [Client thread/INFO]: [OptiFine] ConnectedTextures: mcpatcher/ctm/default/13_glass_green/glass_green.properties
[16:25:36] [Client thread/INFO]: [OptiFine] ConnectedTextures: mcpatcher/ctm/default/13_glass_green/glass_pane_green.properties
[16:25:36] [Client thread/INFO]: [OptiFine] ConnectedTextures: mcpatcher/ctm/default/14_glass_red/glass_pane_red.properties
[16:25:36] [Client thread/INFO]: [OptiFine] ConnectedTextures: mcpatcher/ctm/default/14_glass_red/glass_red.properties
[16:25:36] [Client thread/INFO]: [OptiFine] ConnectedTextures: mcpatcher/ctm/default/15_glass_black/glass_black.properties
[16:25:36] [Client thread/INFO]: [OptiFine] ConnectedTextures: mcpatcher/ctm/default/15_glass_black/glass_pane_black.properties
[16:25:36] [Client thread/INFO]: [OptiFine] ConnectedTextures: mcpatcher/ctm/default/1_glass_orange/glass_orange.properties
[16:25:36] [Client thread/INFO]: [OptiFine] ConnectedTextures: mcpatcher/ctm/default/1_glass_orange/glass_pane_orange.properties
[16:25:36] [Client thread/INFO]: [OptiFine] ConnectedTextures: mcpatcher/ctm/default/2_glass_magenta/glass_magenta.properties
[16:25:36] [Client thread/INFO]: [OptiFine] ConnectedTextures: mcpatcher/ctm/default/2_glass_magenta/glass_pane_magenta.properties
[16:25:36] [Client thread/INFO]: [OptiFine] ConnectedTextures: mcpatcher/ctm/default/3_glass_light_blue/glass_light_blue.properties
[16:25:36] [Client thread/INFO]: [OptiFine] ConnectedTextures: mcpatcher/ctm/default/3_glass_light_blue/glass_pane_light_blue.properties
[16:25:36] [Client thread/INFO]: [OptiFine] ConnectedTextures: mcpatcher/ctm/default/4_glass_yellow/glass_pane_yellow.properties
[16:25:36] [Client thread/INFO]: [OptiFine] ConnectedTextures: mcpatcher/ctm/default/4_glass_yellow/glass_yellow.properties
[16:25:36] [Client thread/INFO]: [OptiFine] ConnectedTextures: mcpatcher/ctm/default/5_glass_lime/glass_lime.properties
[16:25:36] [Client thread/INFO]: [OptiFine] ConnectedTextures: mcpatcher/ctm/default/5_glass_lime/glass_pane_lime.properties
[16:25:36] [Client thread/INFO]: [OptiFine] ConnectedTextures: mcpatcher/ctm/default/6_glass_pink/glass_pane_pink.properties
[16:25:36] [Client thread/INFO]: [OptiFine] ConnectedTextures: mcpatcher/ctm/default/6_glass_pink/glass_pink.properties
[16:25:36] [Client thread/INFO]: [OptiFine] ConnectedTextures: mcpatcher/ctm/default/7_glass_gray/glass_gray.properties
[16:25:36] [Client thread/INFO]: [OptiFine] ConnectedTextures: mcpatcher/ctm/default/7_glass_gray/glass_pane_gray.properties
[16:25:36] [Client thread/INFO]: [OptiFine] ConnectedTextures: mcpatcher/ctm/default/8_glass_silver/glass_pane_silver.properties
[16:25:36] [Client thread/INFO]: [OptiFine] ConnectedTextures: mcpatcher/ctm/default/8_glass_silver/glass_silver.properties
[16:25:36] [Client thread/INFO]: [OptiFine] ConnectedTextures: mcpatcher/ctm/default/9_glass_cyan/glass_cyan.properties
[16:25:36] [Client thread/INFO]: [OptiFine] ConnectedTextures: mcpatcher/ctm/default/9_glass_cyan/glass_pane_cyan.properties
[16:25:36] [Client thread/INFO]: [OptiFine] ConnectedTextures: mcpatcher/ctm/default/bookshelf.properties
[16:25:36] [Client thread/INFO]: [OptiFine] ConnectedTextures: mcpatcher/ctm/default/glass.properties
[16:25:36] [Client thread/INFO]: [OptiFine] ConnectedTextures: mcpatcher/ctm/default/glasspane.properties
[16:25:36] [Client thread/INFO]: [OptiFine] ConnectedTextures: mcpatcher/ctm/default/sandstone.properties
[16:25:36] [Client thread/INFO]: [OptiFine] Multipass connected textures: false
[16:25:36] [Client thread/INFO]: [OptiFine] BetterGrass: Parsing default configuration optifine/bettergrass.properties
[16:25:36] [Client thread/INFO]: Created: 1024x512 textures-atlas
[16:25:37] [Client thread/INFO]: [OptiFine] Animated sprites: 11
[16:25:37] [Client thread/INFO]: Starting LiquidBounce b73, by CCBlueX
[16:25:38] [Client thread/INFO]: Loading Fonts.
[16:25:39] [Client thread/INFO]: Loaded Fonts. (1536ms)
[16:25:39] [Client thread/INFO]: [ModuleManager] Loading modules...
[16:25:40] [Client thread/INFO]: [ModuleManager] Loaded 143 modules.
[16:25:40] [Client thread/INFO]: [Remapper] Loading srg...
[16:25:40] [Client thread/INFO]: [Remapper] Loaded srg.
[16:25:40] [Client thread/INFO]: [FileManager] Loaded config: modules.json.
[16:25:40] [Client thread/INFO]: [FileManager] Loaded config: values.json.
[16:25:40] [Client thread/INFO]: [FileManager] Loaded config: accounts.json.
[16:25:40] [Client thread/INFO]: [FileManager] Loaded config: friends.json.
[16:25:40] [Client thread/INFO]: [FileManager] Loaded config: xray-blocks.json.
[16:25:40] [Client thread/INFO]: [FileManager] Loaded config: shortcuts.json.
[16:25:40] [Client thread/INFO]: [FileManager] Loaded config: clickgui.json.
[16:25:40] [Client thread/INFO]: [FileManager] Loaded config: hud.json.
[16:25:41] [Client thread/INFO]: [OptiFine] *** Reloading custom textures ***
[16:25:42] [Client thread/INFO]: [OptiFine] Enable face culling: acacia_leaves, birch_leaves, dark_oak_leaves, jungle_leaves, oak_leaves, spruce_leaves
[16:25:42] [Client thread/INFO]: [Shader] Successfully loaded: rainbow_font_shader.frag
[16:38:56] [Server thread/INFO]: Starting integrated minecraft server version 1.9
[16:38:56] [Server thread/INFO]: Generating keypair
[16:38:56] [Server thread/INFO]: Preparing start region for level 0
[16:38:57] [Server thread/INFO]: Preparing spawn area: 76%
[16:38:58] [Server thread/INFO]: Changing view distance to 8, from 10
[16:38:58] [Server thread/INFO]: Player78[local:E:4ce6916a] logged in with entity id 195 at (-74.16891272878975, 75.0, 238.65997753440126)
[16:38:58] [Server thread/INFO]: Player78 joined the game
[16:38:58] [Server thread/INFO]: Saving and pausing game...
[16:38:58] [Server thread/INFO]: Saving chunks for level 'New World'/Overworld
[16:38:58] [Server thread/INFO]: Saving chunks for level 'New World'/Nether
[16:38:58] [Server thread/INFO]: Saving chunks for level 'New World'/The End
[16:38:59] [Client thread/INFO]: [CHAT] A new §eOptiFine§f version is available: §e§nHD Ultra M5§r§f
[16:38:59] [Client thread/INFO]: [Shader] Successfully loaded: rainbow_shader.frag
[16:39:12] [Client thread/INFO]: [FileManager] Saved config: modules.json.
[16:39:33] [Client thread/INFO]: [FileManager] Saved config: modules.json.
[16:39:35] [Client thread/INFO]: [FileManager] Saved config: clickgui.json.
[16:40:00] [Client thread/INFO]: [FileManager] Saved config: modules.json.
[16:40:00] [Client thread/INFO]: [FileManager] Saved config: values.json.
[16:40:00] [Client thread/INFO]: [FileManager] Saved config: clickgui.json.
[16:40:00] [Client thread/INFO]: [FileManager] Saved config: xray-blocks.json.
[16:40:00] [Client thread/INFO]: [FileManager] Saved config: hud.json.
[16:40:00] [Client thread/INFO]: [FileManager] Saved config: shortcuts.json.
[16:40:00] [Client thread/INFO]: Stopping!
[16:40:00] [Client thread/INFO]: SoundSystem shutting down...
[16:40:00] [Server thread/INFO]: Stopping server
[16:40:00] [Server thread/INFO]: Saving players
[16:40:00] [Server thread/INFO]: Saving worlds
[16:40:00] [Server thread/INFO]: Saving chunks for level 'New World'/Overworld
[16:40:00] [Server thread/INFO]: Saving chunks for level 'New World'/Nether
[16:40:00] [Server thread/INFO]: Saving chunks for level 'New World'/The End
[16:40:00] [Client thread/WARN]: Author: Paul Lamb, www.paulscode.com
